CRITICAL - 2023-06-12 04:58:34 --> Trying to get property 'proyek' of non-object
in APPPATH\Views\Peta\detil_peta.php on line 30.
 1 APPPATH\Views\Peta\detil_peta.php(30): CodeIgniter\Debug\Exceptions->errorHandler(8, 'Trying to get property \'proyek\' of non-object', 'C:\\xampp\\htdocs\\sp-tala\\app\\Views\\Peta\\detil_peta.php', 30, [...])
 2 SYSTEMPATH\View\View.php(213): include('C:\\xampp\\htdocs\\sp-tala\\app\\Views\\Peta\\detil_peta.php')
 3 SYSTEMPATH\View\View.php(216): CodeIgniter\View\View->CodeIgniter\View\{closure}()
 4 SYSTEMPATH\Common.php(1184): CodeIgniter\View\View->render('Peta/detil_peta', [], true)
 5 APPPATH\Controllers\Peta.php(32): view('Peta/detil_peta', [...])
 6 SYSTEMPATH\CodeIgniter.php(934): App\Controllers\Peta->show('1')
 7 SYSTEMPATH\CodeIgniter.php(499): CodeIgniter\CodeIgniter->runController(Object(App\Controllers\Peta))
 8 SYSTEMPATH\CodeIgniter.php(368): CodeIgniter\CodeIgniter->handleRequest(null, Object(Config\Cache), false)
 9 FCPATH\index.php(67): CodeIgniter\CodeIgniter->run()
10 SYSTEMPATH\Commands\Server\rewrite.php(47): require_once('C:\\xampp\\htdocs\\sp-tala\\public\\index.php')
CRITICAL - 2023-06-12 04:59:27 --> Trying to get property 'proyek' of non-object
in APPPATH\Views\Peta\detil_peta.php on line 30.
 1 APPPATH\Views\Peta\detil_peta.php(30): CodeIgniter\Debug\Exceptions->errorHandler(8, 'Trying to get property \'proyek\' of non-object', 'C:\\xampp\\htdocs\\sp-tala\\app\\Views\\Peta\\detil_peta.php', 30, [...])
 2 SYSTEMPATH\View\View.php(213): include('C:\\xampp\\htdocs\\sp-tala\\app\\Views\\Peta\\detil_peta.php')
 3 SYSTEMPATH\View\View.php(216): CodeIgniter\View\View->CodeIgniter\View\{closure}()
 4 SYSTEMPATH\Common.php(1184): CodeIgniter\View\View->render('Peta/detil_peta', [], true)
 5 APPPATH\Controllers\Peta.php(32): view('Peta/detil_peta', [...])
 6 SYSTEMPATH\CodeIgniter.php(934): App\Controllers\Peta->show('486')
 7 SYSTEMPATH\CodeIgniter.php(499): CodeIgniter\CodeIgniter->runController(Object(App\Controllers\Peta))
 8 SYSTEMPATH\CodeIgniter.php(368): CodeIgniter\CodeIgniter->handleRequest(null, Object(Config\Cache), false)
 9 FCPATH\index.php(67): CodeIgniter\CodeIgniter->run()
10 SYSTEMPATH\Commands\Server\rewrite.php(47): require_once('C:\\xampp\\htdocs\\sp-tala\\public\\index.php')
CRITICAL - 2023-06-12 05:00:16 --> Trying to get property 'proyek' of non-object
in APPPATH\Views\Peta\detil_peta.php on line 30.
 1 APPPATH\Views\Peta\detil_peta.php(30): CodeIgniter\Debug\Exceptions->errorHandler(8, 'Trying to get property \'proyek\' of non-object', 'C:\\xampp\\htdocs\\sp-tala\\app\\Views\\Peta\\detil_peta.php', 30, [...])
 2 SYSTEMPATH\View\View.php(213): include('C:\\xampp\\htdocs\\sp-tala\\app\\Views\\Peta\\detil_peta.php')
 3 SYSTEMPATH\View\View.php(216): CodeIgniter\View\View->CodeIgniter\View\{closure}()
 4 SYSTEMPATH\Common.php(1184): CodeIgniter\View\View->render('Peta/detil_peta', [], true)
 5 APPPATH\Controllers\Peta.php(32): view('Peta/detil_peta', [...])
 6 SYSTEMPATH\CodeIgniter.php(934): App\Controllers\Peta->show('486')
 7 SYSTEMPATH\CodeIgniter.php(499): CodeIgniter\CodeIgniter->runController(Object(App\Controllers\Peta))
 8 SYSTEMPATH\CodeIgniter.php(368): CodeIgniter\CodeIgniter->handleRequest(null, Object(Config\Cache), false)
 9 FCPATH\index.php(67): CodeIgniter\CodeIgniter->run()
10 SYSTEMPATH\Commands\Server\rewrite.php(47): require_once('C:\\xampp\\htdocs\\sp-tala\\public\\index.php')
CRITICAL - 2023-06-12 05:12:25 --> Cannot use object of type stdClass as array
in APPPATH\Views\Peta\detil_peta.php on line 29.
 1 SYSTEMPATH\View\View.php(213): include()
 2 SYSTEMPATH\View\View.php(216): CodeIgniter\View\View->CodeIgniter\View\{closure}()
 3 SYSTEMPATH\Common.php(1184): CodeIgniter\View\View->render('Peta/detil_peta', [], true)
 4 APPPATH\Controllers\Peta.php(33): view('Peta/detil_peta', [...])
 5 SYSTEMPATH\CodeIgniter.php(934): App\Controllers\Peta->show('1')
 6 SYSTEMPATH\CodeIgniter.php(499): CodeIgniter\CodeIgniter->runController(Object(App\Controllers\Peta))
 7 SYSTEMPATH\CodeIgniter.php(368): CodeIgniter\CodeIgniter->handleRequest(null, Object(Config\Cache), false)
 8 FCPATH\index.php(67): CodeIgniter\CodeIgniter->run()
 9 SYSTEMPATH\Commands\Server\rewrite.php(47): require_once('C:\\xampp\\htdocs\\sp-tala\\public\\index.php')
CRITICAL - 2023-06-12 14:44:26 --> Trying to get property 'proyek' of non-object
in APPPATH\Views\Peta\detil_peta.php on line 29.
 1 APPPATH\Views\Peta\detil_peta.php(29): CodeIgniter\Debug\Exceptions->errorHandler(8, 'Trying to get property \'proyek\' of non-object', 'C:\\xampp\\htdocs\\sp-tala\\app\\Views\\Peta\\detil_peta.php', 29, [...])
 2 SYSTEMPATH\View\View.php(213): include('C:\\xampp\\htdocs\\sp-tala\\app\\Views\\Peta\\detil_peta.php')
 3 SYSTEMPATH\View\View.php(216): CodeIgniter\View\View->CodeIgniter\View\{closure}()
 4 SYSTEMPATH\Common.php(1184): CodeIgniter\View\View->render('Peta/detil_peta', [], true)
 5 APPPATH\Controllers\Peta.php(33): view('Peta/detil_peta', [...])
 6 SYSTEMPATH\CodeIgniter.php(934): App\Controllers\Peta->show('http:', 'localhost:8080')
 7 SYSTEMPATH\CodeIgniter.php(499): CodeIgniter\CodeIgniter->runController(Object(App\Controllers\Peta))
 8 SYSTEMPATH\CodeIgniter.php(368): CodeIgniter\CodeIgniter->handleRequest(null, Object(Config\Cache), false)
 9 FCPATH\index.php(67): CodeIgniter\CodeIgniter->run()
10 SYSTEMPATH\Commands\Server\rewrite.php(47): require_once('C:\\xampp\\htdocs\\sp-tala\\public\\index.php')
CRITICAL - 2023-06-12 14:54:12 --> Trying to get property 'proyek' of non-object
in APPPATH\Views\Peta\detil_peta.php on line 29.
 1 APPPATH\Views\Peta\detil_peta.php(29): CodeIgniter\Debug\Exceptions->errorHandler(8, 'Trying to get property \'proyek\' of non-object', 'C:\\xampp\\htdocs\\sp-tala\\app\\Views\\Peta\\detil_peta.php', 29, [...])
 2 SYSTEMPATH\View\View.php(213): include('C:\\xampp\\htdocs\\sp-tala\\app\\Views\\Peta\\detil_peta.php')
 3 SYSTEMPATH\View\View.php(216): CodeIgniter\View\View->CodeIgniter\View\{closure}()
 4 SYSTEMPATH\Common.php(1184): CodeIgniter\View\View->render('Peta/detil_peta', [], true)
 5 APPPATH\Controllers\Peta.php(33): view('Peta/detil_peta', [...])
 6 SYSTEMPATH\CodeIgniter.php(934): App\Controllers\Peta->show('writable', 'uploads', 'a.JPG')
 7 SYSTEMPATH\CodeIgniter.php(499): CodeIgniter\CodeIgniter->runController(Object(App\Controllers\Peta))
 8 SYSTEMPATH\CodeIgniter.php(368): CodeIgniter\CodeIgniter->handleRequest(null, Object(Config\Cache), false)
 9 FCPATH\index.php(67): CodeIgniter\CodeIgniter->run()
10 SYSTEMPATH\Commands\Server\rewrite.php(47): require_once('C:\\xampp\\htdocs\\sp-tala\\public\\index.php')
CRITICAL - 2023-06-12 14:54:27 --> Trying to get property 'proyek' of non-object
in APPPATH\Views\Peta\detil_peta.php on line 29.
 1 APPPATH\Views\Peta\detil_peta.php(29): CodeIgniter\Debug\Exceptions->errorHandler(8, 'Trying to get property \'proyek\' of non-object', 'C:\\xampp\\htdocs\\sp-tala\\app\\Views\\Peta\\detil_peta.php', 29, [...])
 2 SYSTEMPATH\View\View.php(213): include('C:\\xampp\\htdocs\\sp-tala\\app\\Views\\Peta\\detil_peta.php')
 3 SYSTEMPATH\View\View.php(216): CodeIgniter\View\View->CodeIgniter\View\{closure}()
 4 SYSTEMPATH\Common.php(1184): CodeIgniter\View\View->render('Peta/detil_peta', [], true)
 5 APPPATH\Controllers\Peta.php(33): view('Peta/detil_peta', [...])
 6 SYSTEMPATH\CodeIgniter.php(934): App\Controllers\Peta->show('writable', 'uploads', 'a.JPG')
 7 SYSTEMPATH\CodeIgniter.php(499): CodeIgniter\CodeIgniter->runController(Object(App\Controllers\Peta))
 8 SYSTEMPATH\CodeIgniter.php(368): CodeIgniter\CodeIgniter->handleRequest(null, Object(Config\Cache), false)
 9 FCPATH\index.php(67): CodeIgniter\CodeIgniter->run()
10 SYSTEMPATH\Commands\Server\rewrite.php(47): require_once('C:\\xampp\\htdocs\\sp-tala\\public\\index.php')
CRITICAL - 2023-06-12 14:56:07 --> syntax error, unexpected '?>'
in APPPATH\Views\Peta\detil_peta.php on line 52.
 1 SYSTEMPATH\View\View.php(216): CodeIgniter\View\View->CodeIgniter\View\{closure}()
 2 SYSTEMPATH\Common.php(1184): CodeIgniter\View\View->render('Peta/detil_peta', [], true)
 3 APPPATH\Controllers\Peta.php(33): view('Peta/detil_peta', [...])
 4 SYSTEMPATH\CodeIgniter.php(934): App\Controllers\Peta->show('486')
 5 SYSTEMPATH\CodeIgniter.php(499): CodeIgniter\CodeIgniter->runController(Object(App\Controllers\Peta))
 6 SYSTEMPATH\CodeIgniter.php(368): CodeIgniter\CodeIgniter->handleRequest(null, Object(Config\Cache), false)
 7 FCPATH\index.php(67): CodeIgniter\CodeIgniter->run()
 8 SYSTEMPATH\Commands\Server\rewrite.php(47): require_once('C:\\xampp\\htdocs\\sp-tala\\public\\index.php')
CRITICAL - 2023-06-12 15:08:29 --> Trying to get property 'proyek' of non-object
in APPPATH\Views\Peta\detil_peta.php on line 29.
 1 APPPATH\Views\Peta\detil_peta.php(29): CodeIgniter\Debug\Exceptions->errorHandler(8, 'Trying to get property \'proyek\' of non-object', 'C:\\xampp\\htdocs\\sp-tala\\app\\Views\\Peta\\detil_peta.php', 29, [...])
 2 SYSTEMPATH\View\View.php(213): include('C:\\xampp\\htdocs\\sp-tala\\app\\Views\\Peta\\detil_peta.php')
 3 SYSTEMPATH\View\View.php(216): CodeIgniter\View\View->CodeIgniter\View\{closure}()
 4 SYSTEMPATH\Common.php(1184): CodeIgniter\View\View->render('Peta/detil_peta', [], true)
 5 APPPATH\Controllers\Peta.php(33): view('Peta/detil_peta', [...])
 6 SYSTEMPATH\CodeIgniter.php(934): App\Controllers\Peta->show('a.JPG')
 7 SYSTEMPATH\CodeIgniter.php(499): CodeIgniter\CodeIgniter->runController(Object(App\Controllers\Peta))
 8 SYSTEMPATH\CodeIgniter.php(368): CodeIgniter\CodeIgniter->handleRequest(null, Object(Config\Cache), false)
 9 FCPATH\index.php(67): CodeIgniter\CodeIgniter->run()
10 SYSTEMPATH\Commands\Server\rewrite.php(47): require_once('C:\\xampp\\htdocs\\sp-tala\\public\\index.php')
CRITICAL - 2023-06-12 15:10:29 --> Trying to get property 'proyek' of non-object
in APPPATH\Views\Peta\detil_peta.php on line 33.
 1 APPPATH\Views\Peta\detil_peta.php(33): CodeIgniter\Debug\Exceptions->errorHandler(8, 'Trying to get property \'proyek\' of non-object', 'C:\\xampp\\htdocs\\sp-tala\\app\\Views\\Peta\\detil_peta.php', 33, [...])
 2 SYSTEMPATH\View\View.php(213): include('C:\\xampp\\htdocs\\sp-tala\\app\\Views\\Peta\\detil_peta.php')
 3 SYSTEMPATH\View\View.php(216): CodeIgniter\View\View->CodeIgniter\View\{closure}()
 4 SYSTEMPATH\Common.php(1184): CodeIgniter\View\View->render('Peta/detil_peta', [], true)
 5 APPPATH\Controllers\Peta.php(33): view('Peta/detil_peta', [...])
 6 SYSTEMPATH\CodeIgniter.php(934): App\Controllers\Peta->show('uploads', 'scan_image', 'a.JPG')
 7 SYSTEMPATH\CodeIgniter.php(499): CodeIgniter\CodeIgniter->runController(Object(App\Controllers\Peta))
 8 SYSTEMPATH\CodeIgniter.php(368): CodeIgniter\CodeIgniter->handleRequest(null, Object(Config\Cache), false)
 9 FCPATH\index.php(67): CodeIgniter\CodeIgniter->run()
10 SYSTEMPATH\Commands\Server\rewrite.php(47): require_once('C:\\xampp\\htdocs\\sp-tala\\public\\index.php')
