CRITICAL - 2023-06-13 10:55:23 --> Trying to get property 'proyek' of non-object
in APPPATH\Views\Peta\detil_peta.php on line 33.
 1 APPPATH\Views\Peta\detil_peta.php(33): CodeIgniter\Debug\Exceptions->errorHandler(8, 'Trying to get property \'proyek\' of non-object', 'C:\\xampp\\htdocs\\sp-tala\\app\\Views\\Peta\\detil_peta.php', 33, [...])
 2 SYSTEMPATH\View\View.php(213): include('C:\\xampp\\htdocs\\sp-tala\\app\\Views\\Peta\\detil_peta.php')
 3 SYSTEMPATH\View\View.php(216): CodeIgniter\View\View->CodeIgniter\View\{closure}()
 4 SYSTEMPATH\Common.php(1184): CodeIgniter\View\View->render('Peta/detil_peta', [], true)
 5 APPPATH\Controllers\Peta.php(33): view('Peta/detil_peta', [...])
 6 SYSTEMPATH\CodeIgniter.php(934): App\Controllers\Peta->show('http:', 'localhost:8080')
 7 SYSTEMPATH\CodeIgniter.php(499): CodeIgniter\CodeIgniter->runController(Object(App\Controllers\Peta))
 8 SYSTEMPATH\CodeIgniter.php(368): CodeIgniter\CodeIgniter->handleRequest(null, Object(Config\Cache), false)
 9 FCPATH\index.php(67): CodeIgniter\CodeIgniter->run()
10 SYSTEMPATH\Commands\Server\rewrite.php(47): require_once('C:\\xampp\\htdocs\\sp-tala\\public\\index.php')
CRITICAL - 2023-06-13 10:55:47 --> syntax error, unexpected '.'
in APPPATH\Views\Peta\detil_peta.php on line 56.
 1 SYSTEMPATH\View\View.php(216): CodeIgniter\View\View->CodeIgniter\View\{closure}()
 2 SYSTEMPATH\Common.php(1184): CodeIgniter\View\View->render('Peta/detil_peta', [], true)
 3 APPPATH\Controllers\Peta.php(33): view('Peta/detil_peta', [...])
 4 SYSTEMPATH\CodeIgniter.php(934): App\Controllers\Peta->show('486')
 5 SYSTEMPATH\CodeIgniter.php(499): CodeIgniter\CodeIgniter->runController(Object(App\Controllers\Peta))
 6 SYSTEMPATH\CodeIgniter.php(368): CodeIgniter\CodeIgniter->handleRequest(null, Object(Config\Cache), false)
 7 FCPATH\index.php(67): CodeIgniter\CodeIgniter->run()
 8 SYSTEMPATH\Commands\Server\rewrite.php(47): require_once('C:\\xampp\\htdocs\\sp-tala\\public\\index.php')
