CRITICAL - 2023-07-03 05:04:46 --> Undefined variable: link
in APPPATH\Views\Peta\detil_peta.php on line 68.
 1 APPPATH\Views\Peta\detil_peta.php(68): CodeIgniter\Debug\Exceptions->errorHandler(8, 'Undefined variable: link', 'C:\\xampp\\htdocs\\sp-tala\\app\\Views\\Peta\\detil_peta.php', 68, [...])
 2 SYSTEMPATH\View\View.php(213): include('C:\\xampp\\htdocs\\sp-tala\\app\\Views\\Peta\\detil_peta.php')
 3 SYSTEMPATH\View\View.php(216): CodeIgniter\View\View->CodeIgniter\View\{closure}()
 4 SYSTEMPATH\Common.php(1184): CodeIgniter\View\View->render('Peta/detil_peta', [], true)
 5 APPPATH\Controllers\Peta.php(62): view('Peta/detil_peta', [...])
 6 SYSTEMPATH\CodeIgniter.php(934): App\Controllers\Peta->show('4157')
 7 SYSTEMPATH\CodeIgniter.php(499): CodeIgniter\CodeIgniter->runController(Object(App\Controllers\Peta))
 8 SYSTEMPATH\CodeIgniter.php(368): CodeIgniter\CodeIgniter->handleRequest(null, Object(Config\Cache), false)
 9 FCPATH\index.php(67): CodeIgniter\CodeIgniter->run()
10 SYSTEMPATH\Commands\Server\rewrite.php(47): require_once('C:\\xampp\\htdocs\\sp-tala\\public\\index.php')
CRITICAL - 2023-07-03 05:05:31 --> Call to undefined function App\Controllers\directory_mirror()
in APPPATH\Controllers\Peta.php on line 60.
 1 SYSTEMPATH\CodeIgniter.php(934): App\Controllers\Peta->show('4157')
 2 SYSTEMPATH\CodeIgniter.php(499): CodeIgniter\CodeIgniter->runController(Object(App\Controllers\Peta))
 3 SYSTEMPATH\CodeIgniter.php(368): CodeIgniter\CodeIgniter->handleRequest(null, Object(Config\Cache), false)
 4 FCPATH\index.php(67): CodeIgniter\CodeIgniter->run()
 5 SYSTEMPATH\Commands\Server\rewrite.php(47): require_once('C:\\xampp\\htdocs\\sp-tala\\public\\index.php')
CRITICAL - 2023-07-03 05:06:35 --> Argument 1 passed to directory_mirror() must be of the type string, null given, called in C:\xampp\htdocs\sp-tala\app\Controllers\Peta.php on line 64
in SYSTEMPATH\Helpers\filesystem_helper.php on line 71.
 1 APPPATH\Controllers\Peta.php(64): directory_mirror(null, 'C:\\xampp\\htdocs\\sp-tala\\writable\\storage/file_scan/')
 2 SYSTEMPATH\CodeIgniter.php(934): App\Controllers\Peta->show('4157')
 3 SYSTEMPATH\CodeIgniter.php(499): CodeIgniter\CodeIgniter->runController(Object(App\Controllers\Peta))
 4 SYSTEMPATH\CodeIgniter.php(368): CodeIgniter\CodeIgniter->handleRequest(null, Object(Config\Cache), false)
 5 FCPATH\index.php(67): CodeIgniter\CodeIgniter->run()
 6 SYSTEMPATH\Commands\Server\rewrite.php(47): require_once('C:\\xampp\\htdocs\\sp-tala\\public\\index.php')
CRITICAL - 2023-07-03 05:07:57 --> Argument 1 passed to directory_mirror() must be of the type string, null given, called in C:\xampp\htdocs\sp-tala\app\Controllers\Peta.php on line 64
in SYSTEMPATH\Helpers\filesystem_helper.php on line 71.
 1 APPPATH\Controllers\Peta.php(64): directory_mirror(null, 'C:\\xampp\\htdocs\\sp-tala\\writable\\storage/file_scan/')
 2 SYSTEMPATH\CodeIgniter.php(934): App\Controllers\Peta->show('4157')
 3 SYSTEMPATH\CodeIgniter.php(499): CodeIgniter\CodeIgniter->runController(Object(App\Controllers\Peta))
 4 SYSTEMPATH\CodeIgniter.php(368): CodeIgniter\CodeIgniter->handleRequest(null, Object(Config\Cache), false)
 5 FCPATH\index.php(67): CodeIgniter\CodeIgniter->run()
 6 SYSTEMPATH\Commands\Server\rewrite.php(47): require_once('C:\\xampp\\htdocs\\sp-tala\\public\\index.php')
CRITICAL - 2023-07-03 05:28:33 --> Argument 1 passed to directory_mirror() must be of the type string, null given, called in C:\xampp\htdocs\sp-tala\app\Controllers\Peta.php on line 64
in SYSTEMPATH\Helpers\filesystem_helper.php on line 71.
 1 APPPATH\Controllers\Peta.php(64): directory_mirror(null, 'C:\\xampp\\htdocs\\sp-tala\\writable\\storage/file_scan/')
 2 SYSTEMPATH\CodeIgniter.php(934): App\Controllers\Peta->show('4157')
 3 SYSTEMPATH\CodeIgniter.php(499): CodeIgniter\CodeIgniter->runController(Object(App\Controllers\Peta))
 4 SYSTEMPATH\CodeIgniter.php(368): CodeIgniter\CodeIgniter->handleRequest(null, Object(Config\Cache), false)
 5 FCPATH\index.php(67): CodeIgniter\CodeIgniter->run()
 6 SYSTEMPATH\Commands\Server\rewrite.php(47): require_once('C:\\xampp\\htdocs\\sp-tala\\public\\index.php')
CRITICAL - 2023-07-03 05:31:22 --> Argument 1 passed to directory_mirror() must be of the type string, null given, called in C:\xampp\htdocs\sp-tala\app\Controllers\Peta.php on line 64
in SYSTEMPATH\Helpers\filesystem_helper.php on line 71.
 1 APPPATH\Controllers\Peta.php(64): directory_mirror(null, 'C:\\xampp\\htdocs\\sp-tala\\writable\\storage/file_scan/')
 2 SYSTEMPATH\CodeIgniter.php(934): App\Controllers\Peta->show('4157')
 3 SYSTEMPATH\CodeIgniter.php(499): CodeIgniter\CodeIgniter->runController(Object(App\Controllers\Peta))
 4 SYSTEMPATH\CodeIgniter.php(368): CodeIgniter\CodeIgniter->handleRequest(null, Object(Config\Cache), false)
 5 FCPATH\index.php(67): CodeIgniter\CodeIgniter->run()
 6 SYSTEMPATH\Commands\Server\rewrite.php(47): require_once('C:\\xampp\\htdocs\\sp-tala\\public\\index.php')
CRITICAL - 2023-07-03 05:31:33 --> Argument 1 passed to directory_mirror() must be of the type string, null given, called in C:\xampp\htdocs\sp-tala\app\Controllers\Peta.php on line 64
in SYSTEMPATH\Helpers\filesystem_helper.php on line 71.
 1 APPPATH\Controllers\Peta.php(64): directory_mirror(null, 'C:\\xampp\\htdocs\\sp-tala\\writable\\storage/file_scan/')
 2 SYSTEMPATH\CodeIgniter.php(934): App\Controllers\Peta->show('4157')
 3 SYSTEMPATH\CodeIgniter.php(499): CodeIgniter\CodeIgniter->runController(Object(App\Controllers\Peta))
 4 SYSTEMPATH\CodeIgniter.php(368): CodeIgniter\CodeIgniter->handleRequest(null, Object(Config\Cache), false)
 5 FCPATH\index.php(67): CodeIgniter\CodeIgniter->run()
 6 SYSTEMPATH\Commands\Server\rewrite.php(47): require_once('C:\\xampp\\htdocs\\sp-tala\\public\\index.php')
CRITICAL - 2023-07-03 05:31:41 --> The origin directory "000_1979_KAPLING_PEKARANGAN_LAHAN_TRANS_BATU_TUNGKU_3.jpg" was not found.
in SYSTEMPATH\Helpers\filesystem_helper.php on line 74.
 1 APPPATH\Controllers\Peta.php(64): directory_mirror('000_1979_KAPLING_PEKARANGAN_LAHAN_TRANS_BATU_TUNGKU_3.jpg', 'C:\\xampp\\htdocs\\sp-tala\\writable\\storage/file_scan/000_1979_KAPLING_PEKARANGAN_LAHAN_TRANS_BATU_TUNGKU_3.jpg')
 2 SYSTEMPATH\CodeIgniter.php(934): App\Controllers\Peta->show('3877')
 3 SYSTEMPATH\CodeIgniter.php(499): CodeIgniter\CodeIgniter->runController(Object(App\Controllers\Peta))
 4 SYSTEMPATH\CodeIgniter.php(368): CodeIgniter\CodeIgniter->handleRequest(null, Object(Config\Cache), false)
 5 FCPATH\index.php(67): CodeIgniter\CodeIgniter->run()
 6 SYSTEMPATH\Commands\Server\rewrite.php(47): require_once('C:\\xampp\\htdocs\\sp-tala\\public\\index.php')
