CRITICAL - 2023-06-11 10:20:02 --> Invalid file: "layouts/sidebars.php"
in SYSTEMPATH\Exceptions\FrameworkException.php on line 33.
 1 SYSTEMPATH\View\View.php(201): CodeIgniter\Exceptions\FrameworkException::forInvalidFile('layouts/sidebars.php')
 2 SYSTEMPATH\View\View.php(431): CodeIgniter\View\View->render('layouts/sidebars', null, true)
 3 APPPATH\Views\_layouts\indexLayout.php(65): CodeIgniter\View\View->include('layouts/sidebars')
 4 SYSTEMPATH\View\View.php(213): include('C:\\xampp\\htdocs\\sp-tala\\app\\Views\\_layouts\\indexLayout.php')
 5 SYSTEMPATH\View\View.php(216): CodeIgniter\View\View->CodeIgniter\View\{closure}()
 6 SYSTEMPATH\View\View.php(229): CodeIgniter\View\View->render('_layouts/indexLayout', [], true)
 7 SYSTEMPATH\Common.php(1184): CodeIgniter\View\View->render('Dashboard/index', [], true)
 8 APPPATH\Controllers\Dashboard.php(12): view('Dashboard/index')
 9 SYSTEMPATH\CodeIgniter.php(934): App\Controllers\Dashboard->index()
10 SYSTEMPATH\CodeIgniter.php(499): CodeIgniter\CodeIgniter->runController(Object(App\Controllers\Dashboard))
11 SYSTEMPATH\CodeIgniter.php(368): CodeIgniter\CodeIgniter->handleRequest(null, Object(Config\Cache), false)
12 FCPATH\index.php(67): CodeIgniter\CodeIgniter->run()
13 SYSTEMPATH\Commands\Server\rewrite.php(47): require_once('C:\\xampp\\htdocs\\sp-tala\\public\\index.php')
CRITICAL - 2023-06-11 10:20:19 --> Invalid file: "layouts/sidebars.php"
in SYSTEMPATH\Exceptions\FrameworkException.php on line 33.
 1 SYSTEMPATH\View\View.php(201): CodeIgniter\Exceptions\FrameworkException::forInvalidFile('layouts/sidebars.php')
 2 SYSTEMPATH\View\View.php(431): CodeIgniter\View\View->render('layouts/sidebars', null, true)
 3 APPPATH\Views\_layouts\indexLayout.php(65): CodeIgniter\View\View->include('layouts/sidebars')
 4 SYSTEMPATH\View\View.php(213): include('C:\\xampp\\htdocs\\sp-tala\\app\\Views\\_layouts\\indexLayout.php')
 5 SYSTEMPATH\View\View.php(216): CodeIgniter\View\View->CodeIgniter\View\{closure}()
 6 SYSTEMPATH\View\View.php(229): CodeIgniter\View\View->render('_layouts/indexLayout', [], true)
 7 SYSTEMPATH\Common.php(1184): CodeIgniter\View\View->render('Dashboard/index', [], true)
 8 APPPATH\Controllers\Dashboard.php(12): view('Dashboard/index')
 9 SYSTEMPATH\CodeIgniter.php(934): App\Controllers\Dashboard->index()
10 SYSTEMPATH\CodeIgniter.php(499): CodeIgniter\CodeIgniter->runController(Object(App\Controllers\Dashboard))
11 SYSTEMPATH\CodeIgniter.php(368): CodeIgniter\CodeIgniter->handleRequest(null, Object(Config\Cache), false)
12 FCPATH\index.php(67): CodeIgniter\CodeIgniter->run()
13 SYSTEMPATH\Commands\Server\rewrite.php(47): require_once('C:\\xampp\\htdocs\\sp-tala\\public\\index.php')
CRITICAL - 2023-06-11 11:09:34 --> Invalid file: "Peta/index.php"
in SYSTEMPATH\Exceptions\FrameworkException.php on line 33.
 1 SYSTEMPATH\View\View.php(201): CodeIgniter\Exceptions\FrameworkException::forInvalidFile('Peta/index.php')
 2 SYSTEMPATH\Common.php(1184): CodeIgniter\View\View->render('Peta/index', [], true)
 3 APPPATH\Controllers\Peta.php(15): view('Peta/index', [...])
 4 SYSTEMPATH\CodeIgniter.php(934): App\Controllers\Peta->index()
 5 SYSTEMPATH\CodeIgniter.php(499): CodeIgniter\CodeIgniter->runController(Object(App\Controllers\Peta))
 6 SYSTEMPATH\CodeIgniter.php(368): CodeIgniter\CodeIgniter->handleRequest(null, Object(Config\Cache), false)
 7 FCPATH\index.php(67): CodeIgniter\CodeIgniter->run()
 8 SYSTEMPATH\Commands\Server\rewrite.php(47): require_once('C:\\xampp\\htdocs\\sp-tala\\public\\index.php')
ERROR - 2023-06-11 15:51:49 --> mysqli_sql_exception: Unknown table 'db_spp.tb_peta_scan' in C:\xampp\htdocs\sp-tala\vendor\codeigniter4\framework\system\Database\MySQLi\Connection.php:295
Stack trace:
#0 C:\xampp\htdocs\sp-tala\vendor\codeigniter4\framework\system\Database\MySQLi\Connection.php(295): mysqli->query('DROP TABLE `tb_...', 0)
#1 C:\xampp\htdocs\sp-tala\vendor\codeigniter4\framework\system\Database\BaseConnection.php(692): CodeIgniter\Database\MySQLi\Connection->execute('DROP TABLE `tb_...')
#2 C:\xampp\htdocs\sp-tala\vendor\codeigniter4\framework\system\Database\BaseConnection.php(606): CodeIgniter\Database\BaseConnection->simpleQuery('DROP TABLE `tb_...')
#3 C:\xampp\htdocs\sp-tala\vendor\codeigniter4\framework\system\Database\Forge.php(637): CodeIgniter\Database\BaseConnection->query('DROP TABLE `tb_...')
#4 C:\xampp\htdocs\sp-tala\app\Database\Migrations\2023-06-11-154050_CreateTablePetaScan.php(53): CodeIgniter\Database\Forge->dropTable('tb_peta_scan')
#5 C:\xampp\htdocs\sp-tala\vendor\codeigniter4\framework\system\Database\MigrationRunner.php(877): App\Database\Migrations\CreateTablePetaScan->down()
#6 C:\xampp\htdocs\sp-tala\vendor\codeigniter4\framework\system\Database\MigrationRunner.php(299): CodeIgniter\Database\MigrationRunner->migrate('down', Object(stdClass))
#7 C:\xampp\htdocs\sp-tala\vendor\codeigniter4\framework\system\Commands\Database\MigrateRollback.php(92): CodeIgniter\Database\MigrationRunner->regress(0)
#8 C:\xampp\htdocs\sp-tala\vendor\codeigniter4\framework\system\CLI\Commands.php(65): CodeIgniter\Commands\Database\MigrateRollback->run(Array)
#9 C:\xampp\htdocs\sp-tala\vendor\codeigniter4\framework\system\CLI\Console.php(37): CodeIgniter\CLI\Commands->run('migrate:rollbac...', Array)
#10 C:\xampp\htdocs\sp-tala\spark(97): CodeIgniter\CLI\Console->run()
#11 {main}
CRITICAL - 2023-06-11 16:31:07 --> Invalid file: "Peta/detil.php"
in SYSTEMPATH\Exceptions\FrameworkException.php on line 33.
 1 SYSTEMPATH\View\View.php(201): CodeIgniter\Exceptions\FrameworkException::forInvalidFile('Peta/detil.php')
 2 SYSTEMPATH\Common.php(1184): CodeIgniter\View\View->render('Peta/detil', [], true)
 3 APPPATH\Controllers\Peta.php(39): view('Peta/detil')
 4 SYSTEMPATH\CodeIgniter.php(934): App\Controllers\Peta->show(null)
 5 SYSTEMPATH\CodeIgniter.php(499): CodeIgniter\CodeIgniter->runController(Object(App\Controllers\Peta))
 6 SYSTEMPATH\CodeIgniter.php(368): CodeIgniter\CodeIgniter->handleRequest(null, Object(Config\Cache), false)
 7 FCPATH\index.php(67): CodeIgniter\CodeIgniter->run()
 8 SYSTEMPATH\Commands\Server\rewrite.php(47): require_once('C:\\xampp\\htdocs\\sp-tala\\public\\index.php')
CRITICAL - 2023-06-11 16:32:02 --> Invalid file: "Peta/detil.php"
in SYSTEMPATH\Exceptions\FrameworkException.php on line 33.
 1 SYSTEMPATH\View\View.php(201): CodeIgniter\Exceptions\FrameworkException::forInvalidFile('Peta/detil.php')
 2 SYSTEMPATH\Common.php(1184): CodeIgniter\View\View->render('Peta/detil', [], true)
 3 APPPATH\Controllers\Peta.php(39): view('Peta/detil')
 4 SYSTEMPATH\CodeIgniter.php(934): App\Controllers\Peta->show(null)
 5 SYSTEMPATH\CodeIgniter.php(499): CodeIgniter\CodeIgniter->runController(Object(App\Controllers\Peta))
 6 SYSTEMPATH\CodeIgniter.php(368): CodeIgniter\CodeIgniter->handleRequest(null, Object(Config\Cache), false)
 7 FCPATH\index.php(67): CodeIgniter\CodeIgniter->run()
 8 SYSTEMPATH\Commands\Server\rewrite.php(47): require_once('C:\\xampp\\htdocs\\sp-tala\\public\\index.php')
CRITICAL - 2023-06-11 17:13:23 --> Undefined variable: title
in APPPATH\Views\Peta\detil_peta.php on line 5.
 1 APPPATH\Views\Peta\detil_peta.php(5): CodeIgniter\Debug\Exceptions->errorHandler(8, 'Undefined variable: title', 'C:\\xampp\\htdocs\\sp-tala\\app\\Views\\Peta\\detil_peta.php', 5, [])
 2 SYSTEMPATH\View\View.php(213): include('C:\\xampp\\htdocs\\sp-tala\\app\\Views\\Peta\\detil_peta.php')
 3 SYSTEMPATH\View\View.php(216): CodeIgniter\View\View->CodeIgniter\View\{closure}()
 4 SYSTEMPATH\Common.php(1184): CodeIgniter\View\View->render('Peta/detil_peta', [], true)
 5 APPPATH\Controllers\Peta.php(28): view('Peta/detil_peta')
 6 SYSTEMPATH\CodeIgniter.php(934): App\Controllers\Peta->show('show')
 7 SYSTEMPATH\CodeIgniter.php(499): CodeIgniter\CodeIgniter->runController(Object(App\Controllers\Peta))
 8 SYSTEMPATH\CodeIgniter.php(368): CodeIgniter\CodeIgniter->handleRequest(null, Object(Config\Cache), false)
 9 FCPATH\index.php(67): CodeIgniter\CodeIgniter->run()
10 SYSTEMPATH\Commands\Server\rewrite.php(47): require_once('C:\\xampp\\htdocs\\sp-tala\\public\\index.php')
CRITICAL - 2023-06-11 17:14:05 --> Undefined variable: title
in APPPATH\Views\Peta\detil_peta.php on line 5.
 1 APPPATH\Views\Peta\detil_peta.php(5): CodeIgniter\Debug\Exceptions->errorHandler(8, 'Undefined variable: title', 'C:\\xampp\\htdocs\\sp-tala\\app\\Views\\Peta\\detil_peta.php', 5, [])
 2 SYSTEMPATH\View\View.php(213): include('C:\\xampp\\htdocs\\sp-tala\\app\\Views\\Peta\\detil_peta.php')
 3 SYSTEMPATH\View\View.php(216): CodeIgniter\View\View->CodeIgniter\View\{closure}()
 4 SYSTEMPATH\Common.php(1184): CodeIgniter\View\View->render('Peta/detil_peta', [], true)
 5 APPPATH\Controllers\Peta.php(31): view('Peta/detil_peta')
 6 SYSTEMPATH\CodeIgniter.php(934): App\Controllers\Peta->show('show')
 7 SYSTEMPATH\CodeIgniter.php(499): CodeIgniter\CodeIgniter->runController(Object(App\Controllers\Peta))
 8 SYSTEMPATH\CodeIgniter.php(368): CodeIgniter\CodeIgniter->handleRequest(null, Object(Config\Cache), false)
 9 FCPATH\index.php(67): CodeIgniter\CodeIgniter->run()
10 SYSTEMPATH\Commands\Server\rewrite.php(47): require_once('C:\\xampp\\htdocs\\sp-tala\\public\\index.php')
CRITICAL - 2023-06-11 17:14:08 --> Undefined variable: title
in APPPATH\Views\Peta\detil_peta.php on line 5.
 1 APPPATH\Views\Peta\detil_peta.php(5): CodeIgniter\Debug\Exceptions->errorHandler(8, 'Undefined variable: title', 'C:\\xampp\\htdocs\\sp-tala\\app\\Views\\Peta\\detil_peta.php', 5, [])
 2 SYSTEMPATH\View\View.php(213): include('C:\\xampp\\htdocs\\sp-tala\\app\\Views\\Peta\\detil_peta.php')
 3 SYSTEMPATH\View\View.php(216): CodeIgniter\View\View->CodeIgniter\View\{closure}()
 4 SYSTEMPATH\Common.php(1184): CodeIgniter\View\View->render('Peta/detil_peta', [], true)
 5 APPPATH\Controllers\Peta.php(31): view('Peta/detil_peta')
 6 SYSTEMPATH\CodeIgniter.php(934): App\Controllers\Peta->show('show')
 7 SYSTEMPATH\CodeIgniter.php(499): CodeIgniter\CodeIgniter->runController(Object(App\Controllers\Peta))
 8 SYSTEMPATH\CodeIgniter.php(368): CodeIgniter\CodeIgniter->handleRequest(null, Object(Config\Cache), false)
 9 FCPATH\index.php(67): CodeIgniter\CodeIgniter->run()
10 SYSTEMPATH\Commands\Server\rewrite.php(47): require_once('C:\\xampp\\htdocs\\sp-tala\\public\\index.php')
