CRITICAL - 2023-06-29 04:03:06 --> unlink(C:\xampp\htdocs\sp-tala\public\storage/file_scan/00-C_1980_AREAL_PT_JAKA_MANDIRI_644,5_HA_TAMBANG_ULANG_UJUNG_BATU_BATI-BATI_PELAIHARI.JPG): No such file or directory
in APPPATH\Controllers\Peta.php on line 104.
 1 [internal function]: CodeIgniter\Debug\Exceptions->errorHandler(2, 'unlink(C:\\xampp\\htdocs\\sp-tala\\public\\storage/file_scan/00-C_1980_AREAL_PT_JAKA_MANDIRI_644,5_HA_TAMBANG_ULANG_UJUNG_BATU_BATI-BATI_PELAIHARI.JPG): No such file or directory', 'C:\\xampp\\htdocs\\sp-tala\\app\\Controllers\\Peta.php', 104, [...])
 2 APPPATH\Controllers\Peta.php(104): unlink('C:\\xampp\\htdocs\\sp-tala\\public\\storage/file_scan/00-C_1980_AREAL_PT_JAKA_MANDIRI_644,5_HA_TAMBANG_ULANG_UJUNG_BATU_BATI-BATI_PELAIHARI.JPG')
 3 SYSTEMPATH\CodeIgniter.php(934): App\Controllers\Peta->delete_image('707')
 4 SYSTEMPATH\CodeIgniter.php(499): CodeIgniter\CodeIgniter->runController(Object(App\Controllers\Peta))
 5 SYSTEMPATH\CodeIgniter.php(368): CodeIgniter\CodeIgniter->handleRequest(null, Object(Config\Cache), false)
 6 FCPATH\index.php(67): CodeIgniter\CodeIgniter->run()
 7 SYSTEMPATH\Commands\Server\rewrite.php(47): require_once('C:\\xampp\\htdocs\\sp-tala\\public\\index.php')
CRITICAL - 2023-06-29 04:03:11 --> unlink(C:\xampp\htdocs\sp-tala\public\storage/file_scan/00-C_1980_AREAL_PT_JAKA_MANDIRI_644,5_HA_TAMBANG_ULANG_UJUNG_BATU_BATI-BATI_PELAIHARI.JPG): No such file or directory
in APPPATH\Controllers\Peta.php on line 104.
 1 [internal function]: CodeIgniter\Debug\Exceptions->errorHandler(2, 'unlink(C:\\xampp\\htdocs\\sp-tala\\public\\storage/file_scan/00-C_1980_AREAL_PT_JAKA_MANDIRI_644,5_HA_TAMBANG_ULANG_UJUNG_BATU_BATI-BATI_PELAIHARI.JPG): No such file or directory', 'C:\\xampp\\htdocs\\sp-tala\\app\\Controllers\\Peta.php', 104, [...])
 2 APPPATH\Controllers\Peta.php(104): unlink('C:\\xampp\\htdocs\\sp-tala\\public\\storage/file_scan/00-C_1980_AREAL_PT_JAKA_MANDIRI_644,5_HA_TAMBANG_ULANG_UJUNG_BATU_BATI-BATI_PELAIHARI.JPG')
 3 SYSTEMPATH\CodeIgniter.php(934): App\Controllers\Peta->delete_image('707')
 4 SYSTEMPATH\CodeIgniter.php(499): CodeIgniter\CodeIgniter->runController(Object(App\Controllers\Peta))
 5 SYSTEMPATH\CodeIgniter.php(368): CodeIgniter\CodeIgniter->handleRequest(null, Object(Config\Cache), false)
 6 FCPATH\index.php(67): CodeIgniter\CodeIgniter->run()
 7 SYSTEMPATH\Commands\Server\rewrite.php(47): require_once('C:\\xampp\\htdocs\\sp-tala\\public\\index.php')
CRITICAL - 2023-06-29 04:03:19 --> unlink(C:\xampp\htdocs\sp-tala\public\storage/file_scan/00-C_1980_AREAL_PT_JAKA_MANDIRI_644,5_HA_TAMBANG_ULANG_UJUNG_BATU_BATI-BATI_PELAIHARI.JPG): No such file or directory
in APPPATH\Controllers\Peta.php on line 104.
 1 [internal function]: CodeIgniter\Debug\Exceptions->errorHandler(2, 'unlink(C:\\xampp\\htdocs\\sp-tala\\public\\storage/file_scan/00-C_1980_AREAL_PT_JAKA_MANDIRI_644,5_HA_TAMBANG_ULANG_UJUNG_BATU_BATI-BATI_PELAIHARI.JPG): No such file or directory', 'C:\\xampp\\htdocs\\sp-tala\\app\\Controllers\\Peta.php', 104, [...])
 2 APPPATH\Controllers\Peta.php(104): unlink('C:\\xampp\\htdocs\\sp-tala\\public\\storage/file_scan/00-C_1980_AREAL_PT_JAKA_MANDIRI_644,5_HA_TAMBANG_ULANG_UJUNG_BATU_BATI-BATI_PELAIHARI.JPG')
 3 SYSTEMPATH\CodeIgniter.php(934): App\Controllers\Peta->delete_image('707')
 4 SYSTEMPATH\CodeIgniter.php(499): CodeIgniter\CodeIgniter->runController(Object(App\Controllers\Peta))
 5 SYSTEMPATH\CodeIgniter.php(368): CodeIgniter\CodeIgniter->handleRequest(null, Object(Config\Cache), false)
 6 FCPATH\index.php(67): CodeIgniter\CodeIgniter->run()
 7 SYSTEMPATH\Commands\Server\rewrite.php(47): require_once('C:\\xampp\\htdocs\\sp-tala\\public\\index.php')
CRITICAL - 2023-06-29 04:48:44 --> Maximum execution time of 60 seconds exceeded
in SYSTEMPATH\Debug\Exceptions.php on line 170.
 1 [internal function]: CodeIgniter\Debug\Exceptions->shutdownHandler()
CRITICAL - 2023-06-29 04:48:51 --> Undefined variable: image
in APPPATH\Views\Peta\detil_peta.php on line 68.
 1 APPPATH\Views\Peta\detil_peta.php(68): CodeIgniter\Debug\Exceptions->errorHandler(8, 'Undefined variable: image', 'C:\\xampp\\htdocs\\sp-tala\\app\\Views\\Peta\\detil_peta.php', 68, [...])
 2 SYSTEMPATH\View\View.php(213): include('C:\\xampp\\htdocs\\sp-tala\\app\\Views\\Peta\\detil_peta.php')
 3 SYSTEMPATH\View\View.php(216): CodeIgniter\View\View->CodeIgniter\View\{closure}()
 4 SYSTEMPATH\Common.php(1184): CodeIgniter\View\View->render('Peta/detil_peta', [], true)
 5 APPPATH\Controllers\Peta.php(57): view('Peta/detil_peta', [...])
 6 SYSTEMPATH\CodeIgniter.php(934): App\Controllers\Peta->show('707')
 7 SYSTEMPATH\CodeIgniter.php(499): CodeIgniter\CodeIgniter->runController(Object(App\Controllers\Peta))
 8 SYSTEMPATH\CodeIgniter.php(368): CodeIgniter\CodeIgniter->handleRequest(null, Object(Config\Cache), false)
 9 FCPATH\index.php(67): CodeIgniter\CodeIgniter->run()
10 SYSTEMPATH\Commands\Server\rewrite.php(47): require_once('C:\\xampp\\htdocs\\sp-tala\\public\\index.php')
CRITICAL - 2023-06-29 04:49:14 --> Undefined variable: image
in APPPATH\Views\Peta\detil_peta.php on line 68.
 1 APPPATH\Views\Peta\detil_peta.php(68): CodeIgniter\Debug\Exceptions->errorHandler(8, 'Undefined variable: image', 'C:\\xampp\\htdocs\\sp-tala\\app\\Views\\Peta\\detil_peta.php', 68, [...])
 2 SYSTEMPATH\View\View.php(213): include('C:\\xampp\\htdocs\\sp-tala\\app\\Views\\Peta\\detil_peta.php')
 3 SYSTEMPATH\View\View.php(216): CodeIgniter\View\View->CodeIgniter\View\{closure}()
 4 SYSTEMPATH\Common.php(1184): CodeIgniter\View\View->render('Peta/detil_peta', [], true)
 5 APPPATH\Controllers\Peta.php(57): view('Peta/detil_peta', [...])
 6 SYSTEMPATH\CodeIgniter.php(934): App\Controllers\Peta->show('707')
 7 SYSTEMPATH\CodeIgniter.php(499): CodeIgniter\CodeIgniter->runController(Object(App\Controllers\Peta))
 8 SYSTEMPATH\CodeIgniter.php(368): CodeIgniter\CodeIgniter->handleRequest(null, Object(Config\Cache), false)
 9 FCPATH\index.php(67): CodeIgniter\CodeIgniter->run()
10 SYSTEMPATH\Commands\Server\rewrite.php(47): require_once('C:\\xampp\\htdocs\\sp-tala\\public\\index.php')
CRITICAL - 2023-06-29 04:49:53 --> Undefined variable: image
in APPPATH\Views\Peta\detil_peta.php on line 68.
 1 APPPATH\Views\Peta\detil_peta.php(68): CodeIgniter\Debug\Exceptions->errorHandler(8, 'Undefined variable: image', 'C:\\xampp\\htdocs\\sp-tala\\app\\Views\\Peta\\detil_peta.php', 68, [...])
 2 SYSTEMPATH\View\View.php(213): include('C:\\xampp\\htdocs\\sp-tala\\app\\Views\\Peta\\detil_peta.php')
 3 SYSTEMPATH\View\View.php(216): CodeIgniter\View\View->CodeIgniter\View\{closure}()
 4 SYSTEMPATH\Common.php(1184): CodeIgniter\View\View->render('Peta/detil_peta', [], true)
 5 APPPATH\Controllers\Peta.php(57): view('Peta/detil_peta', [...])
 6 SYSTEMPATH\CodeIgniter.php(934): App\Controllers\Peta->show('707')
 7 SYSTEMPATH\CodeIgniter.php(499): CodeIgniter\CodeIgniter->runController(Object(App\Controllers\Peta))
 8 SYSTEMPATH\CodeIgniter.php(368): CodeIgniter\CodeIgniter->handleRequest(null, Object(Config\Cache), false)
 9 FCPATH\index.php(67): CodeIgniter\CodeIgniter->run()
10 SYSTEMPATH\Commands\Server\rewrite.php(47): require_once('C:\\xampp\\htdocs\\sp-tala\\public\\index.php')
CRITICAL - 2023-06-29 04:50:06 --> Undefined variable: image
in APPPATH\Views\Peta\detil_peta.php on line 68.
 1 APPPATH\Views\Peta\detil_peta.php(68): CodeIgniter\Debug\Exceptions->errorHandler(8, 'Undefined variable: image', 'C:\\xampp\\htdocs\\sp-tala\\app\\Views\\Peta\\detil_peta.php', 68, [...])
 2 SYSTEMPATH\View\View.php(213): include('C:\\xampp\\htdocs\\sp-tala\\app\\Views\\Peta\\detil_peta.php')
 3 SYSTEMPATH\View\View.php(216): CodeIgniter\View\View->CodeIgniter\View\{closure}()
 4 SYSTEMPATH\Common.php(1184): CodeIgniter\View\View->render('Peta/detil_peta', [], true)
 5 APPPATH\Controllers\Peta.php(57): view('Peta/detil_peta', [...])
 6 SYSTEMPATH\CodeIgniter.php(934): App\Controllers\Peta->show('707')
 7 SYSTEMPATH\CodeIgniter.php(499): CodeIgniter\CodeIgniter->runController(Object(App\Controllers\Peta))
 8 SYSTEMPATH\CodeIgniter.php(368): CodeIgniter\CodeIgniter->handleRequest(null, Object(Config\Cache), false)
 9 FCPATH\index.php(67): CodeIgniter\CodeIgniter->run()
10 SYSTEMPATH\Commands\Server\rewrite.php(47): require_once('C:\\xampp\\htdocs\\sp-tala\\public\\index.php')
CRITICAL - 2023-06-29 06:20:18 --> Undefined variable: image
in APPPATH\Views\Peta\detil_peta.php on line 68.
 1 APPPATH\Views\Peta\detil_peta.php(68): CodeIgniter\Debug\Exceptions->errorHandler(8, 'Undefined variable: image', 'C:\\xampp\\htdocs\\sp-tala\\app\\Views\\Peta\\detil_peta.php', 68, [...])
 2 SYSTEMPATH\View\View.php(213): include('C:\\xampp\\htdocs\\sp-tala\\app\\Views\\Peta\\detil_peta.php')
 3 SYSTEMPATH\View\View.php(216): CodeIgniter\View\View->CodeIgniter\View\{closure}()
 4 SYSTEMPATH\Common.php(1184): CodeIgniter\View\View->render('Peta/detil_peta', [], true)
 5 APPPATH\Controllers\Peta.php(58): view('Peta/detil_peta', [...])
 6 SYSTEMPATH\CodeIgniter.php(934): App\Controllers\Peta->show('707')
 7 SYSTEMPATH\CodeIgniter.php(499): CodeIgniter\CodeIgniter->runController(Object(App\Controllers\Peta))
 8 SYSTEMPATH\CodeIgniter.php(368): CodeIgniter\CodeIgniter->handleRequest(null, Object(Config\Cache), false)
 9 FCPATH\index.php(67): CodeIgniter\CodeIgniter->run()
10 SYSTEMPATH\Commands\Server\rewrite.php(47): require_once('C:\\xampp\\htdocs\\sp-tala\\public\\index.php')
CRITICAL - 2023-06-29 06:20:27 --> Undefined variable: image
in APPPATH\Views\Peta\detil_peta.php on line 68.
 1 APPPATH\Views\Peta\detil_peta.php(68): CodeIgniter\Debug\Exceptions->errorHandler(8, 'Undefined variable: image', 'C:\\xampp\\htdocs\\sp-tala\\app\\Views\\Peta\\detil_peta.php', 68, [...])
 2 SYSTEMPATH\View\View.php(213): include('C:\\xampp\\htdocs\\sp-tala\\app\\Views\\Peta\\detil_peta.php')
 3 SYSTEMPATH\View\View.php(216): CodeIgniter\View\View->CodeIgniter\View\{closure}()
 4 SYSTEMPATH\Common.php(1184): CodeIgniter\View\View->render('Peta/detil_peta', [], true)
 5 APPPATH\Controllers\Peta.php(58): view('Peta/detil_peta', [...])
 6 SYSTEMPATH\CodeIgniter.php(934): App\Controllers\Peta->show('707')
 7 SYSTEMPATH\CodeIgniter.php(499): CodeIgniter\CodeIgniter->runController(Object(App\Controllers\Peta))
 8 SYSTEMPATH\CodeIgniter.php(368): CodeIgniter\CodeIgniter->handleRequest(null, Object(Config\Cache), false)
 9 FCPATH\index.php(67): CodeIgniter\CodeIgniter->run()
10 SYSTEMPATH\Commands\Server\rewrite.php(47): require_once('C:\\xampp\\htdocs\\sp-tala\\public\\index.php')
CRITICAL - 2023-06-29 06:20:58 --> Undefined variable: content
in APPPATH\Controllers\Peta.php on line 55.
 1 APPPATH\Controllers\Peta.php(55): CodeIgniter\Debug\Exceptions->errorHandler(8, 'Undefined variable: content', 'C:\\xampp\\htdocs\\sp-tala\\app\\Controllers\\Peta.php', 55, [...])
 2 SYSTEMPATH\CodeIgniter.php(934): App\Controllers\Peta->show('707')
 3 SYSTEMPATH\CodeIgniter.php(499): CodeIgniter\CodeIgniter->runController(Object(App\Controllers\Peta))
 4 SYSTEMPATH\CodeIgniter.php(368): CodeIgniter\CodeIgniter->handleRequest(null, Object(Config\Cache), false)
 5 FCPATH\index.php(67): CodeIgniter\CodeIgniter->run()
 6 SYSTEMPATH\Commands\Server\rewrite.php(47): require_once('C:\\xampp\\htdocs\\sp-tala\\public\\index.php')
CRITICAL - 2023-06-29 06:22:49 --> Maximum execution time of 60 seconds exceeded
in SYSTEMPATH\Debug\Exceptions.php on line 170.
 1 [internal function]: CodeIgniter\Debug\Exceptions->shutdownHandler()
CRITICAL - 2023-06-29 06:24:15 --> Maximum execution time of 60 seconds exceeded
in SYSTEMPATH\Debug\Exceptions.php on line 170.
 1 [internal function]: CodeIgniter\Debug\Exceptions->shutdownHandler()
CRITICAL - 2023-06-29 06:25:28 --> Maximum execution time of 60 seconds exceeded
in SYSTEMPATH\Debug\Exceptions.php on line 170.
 1 [internal function]: CodeIgniter\Debug\Exceptions->shutdownHandler()
CRITICAL - 2023-06-29 07:00:50 --> Maximum execution time of 60 seconds exceeded
in SYSTEMPATH\Debug\Exceptions.php on line 170.
 1 [internal function]: CodeIgniter\Debug\Exceptions->shutdownHandler()
CRITICAL - 2023-06-29 13:57:11 --> File not found: "storage/file_scan/000_1979_KAPLING_PERLADANGAN_LAHAN_TRANS_BATU_TUNGKU_6.JPG"
in SYSTEMPATH\Helpers\html_helper.php on line 147.
 1 SYSTEMPATH\Helpers\html_helper.php(147): CodeIgniter\Files\Exceptions\FileNotFoundException::forFileNotFound('storage/file_scan/000_1979_KAPLING_PERLADANGAN_LAHAN_TRANS_BATU_TUNGKU_6.JPG')
 2 APPPATH\Controllers\Peta.php(49): img_data('storage/file_scan/000_1979_KAPLING_PERLADANGAN_LAHAN_TRANS_BATU_TUNGKU_6.JPG')
 3 SYSTEMPATH\CodeIgniter.php(934): App\Controllers\Peta->show('3889')
 4 SYSTEMPATH\CodeIgniter.php(499): CodeIgniter\CodeIgniter->runController(Object(App\Controllers\Peta))
 5 SYSTEMPATH\CodeIgniter.php(368): CodeIgniter\CodeIgniter->handleRequest(null, Object(Config\Cache), false)
 6 FCPATH\index.php(67): CodeIgniter\CodeIgniter->run()
 7 SYSTEMPATH\Commands\Server\rewrite.php(47): require_once('C:\\xampp\\htdocs\\sp-tala\\public\\index.php')
CRITICAL - 2023-06-29 13:57:50 --> File not found: "storage/file_scan/no_image.png"
in SYSTEMPATH\Helpers\html_helper.php on line 147.
 1 SYSTEMPATH\Helpers\html_helper.php(147): CodeIgniter\Files\Exceptions\FileNotFoundException::forFileNotFound('storage/file_scan/no_image.png')
 2 APPPATH\Controllers\Peta.php(56): img_data('storage/file_scan/no_image.png')
 3 SYSTEMPATH\CodeIgniter.php(934): App\Controllers\Peta->show('707')
 4 SYSTEMPATH\CodeIgniter.php(499): CodeIgniter\CodeIgniter->runController(Object(App\Controllers\Peta))
 5 SYSTEMPATH\CodeIgniter.php(368): CodeIgniter\CodeIgniter->handleRequest(null, Object(Config\Cache), false)
 6 FCPATH\index.php(67): CodeIgniter\CodeIgniter->run()
 7 SYSTEMPATH\Commands\Server\rewrite.php(47): require_once('C:\\xampp\\htdocs\\sp-tala\\public\\index.php')
CRITICAL - 2023-06-29 14:05:33 --> File not found: "public/storage/file_scan/no_image.png"
in SYSTEMPATH\Helpers\html_helper.php on line 147.
 1 SYSTEMPATH\Helpers\html_helper.php(147): CodeIgniter\Files\Exceptions\FileNotFoundException::forFileNotFound('public/storage/file_scan/no_image.png')
 2 APPPATH\Controllers\Peta.php(56): img_data('public/storage/file_scan/no_image.png')
 3 SYSTEMPATH\CodeIgniter.php(934): App\Controllers\Peta->show('707')
 4 SYSTEMPATH\CodeIgniter.php(499): CodeIgniter\CodeIgniter->runController(Object(App\Controllers\Peta))
 5 SYSTEMPATH\CodeIgniter.php(368): CodeIgniter\CodeIgniter->handleRequest(null, Object(Config\Cache), false)
 6 FCPATH\index.php(67): CodeIgniter\CodeIgniter->run()
 7 SYSTEMPATH\Commands\Server\rewrite.php(47): require_once('C:\\xampp\\htdocs\\sp-tala\\public\\index.php')
CRITICAL - 2023-06-29 14:16:04 --> File not found: "storage/file_scan/000_1998_TRANSMIGRASI_SEBAMBAN_V_BUKIT_MULYA_C_50.1-133.25.jpg"
in SYSTEMPATH\Files\File.php on line 47.
 1 SYSTEMPATH\Files\File.php(47): CodeIgniter\Files\Exceptions\FileNotFoundException::forFileNotFound('storage/file_scan/000_1998_TRANSMIGRASI_SEBAMBAN_V_BUKIT_MULYA_C_50.1-133.25.jpg')
 2 SYSTEMPATH\HTTP\DownloadResponse.php(97): CodeIgniter\Files\File->__construct('storage/file_scan/000_1998_TRANSMIGRASI_SEBAMBAN_V_BUKIT_MULYA_C_50.1-133.25.jpg', true)
 3 SYSTEMPATH\HTTP\ResponseTrait.php(804): CodeIgniter\HTTP\DownloadResponse->setFilePath('storage/file_scan/000_1998_TRANSMIGRASI_SEBAMBAN_V_BUKIT_MULYA_C_50.1-133.25.jpg')
 4 APPPATH\Controllers\Peta.php(164): CodeIgniter\HTTP\Response->download('000_1998_TRANSMIGRASI_SEBAMBAN_V_BUKIT_MULYA_C_50.1-133.25.jpg', null)
 5 SYSTEMPATH\CodeIgniter.php(934): App\Controllers\Peta->do_download('4125')
 6 SYSTEMPATH\CodeIgniter.php(499): CodeIgniter\CodeIgniter->runController(Object(App\Controllers\Peta))
 7 SYSTEMPATH\CodeIgniter.php(368): CodeIgniter\CodeIgniter->handleRequest(null, Object(Config\Cache), false)
 8 FCPATH\index.php(67): CodeIgniter\CodeIgniter->run()
 9 SYSTEMPATH\Commands\Server\rewrite.php(47): require_once('C:\\xampp\\htdocs\\sp-tala\\public\\index.php')
CRITICAL - 2023-06-29 14:25:19 --> File not found: "storage/file_scan/000_1981_TRANSMIGRASI_SEBAMBAN_V_WPP_VI_SPE.jpg"
in SYSTEMPATH\Files\File.php on line 47.
 1 SYSTEMPATH\Files\File.php(47): CodeIgniter\Files\Exceptions\FileNotFoundException::forFileNotFound('storage/file_scan/000_1981_TRANSMIGRASI_SEBAMBAN_V_WPP_VI_SPE.jpg')
 2 SYSTEMPATH\HTTP\DownloadResponse.php(97): CodeIgniter\Files\File->__construct('storage/file_scan/000_1981_TRANSMIGRASI_SEBAMBAN_V_WPP_VI_SPE.jpg', true)
 3 SYSTEMPATH\HTTP\ResponseTrait.php(804): CodeIgniter\HTTP\DownloadResponse->setFilePath('storage/file_scan/000_1981_TRANSMIGRASI_SEBAMBAN_V_WPP_VI_SPE.jpg')
 4 APPPATH\Controllers\Peta.php(164): CodeIgniter\HTTP\Response->download('000_1981_TRANSMIGRASI_SEBAMBAN_V_WPP_VI_SPE.jpg', null)
 5 SYSTEMPATH\CodeIgniter.php(934): App\Controllers\Peta->do_download('3901')
 6 SYSTEMPATH\CodeIgniter.php(499): CodeIgniter\CodeIgniter->runController(Object(App\Controllers\Peta))
 7 SYSTEMPATH\CodeIgniter.php(368): CodeIgniter\CodeIgniter->handleRequest(null, Object(Config\Cache), false)
 8 FCPATH\index.php(67): CodeIgniter\CodeIgniter->run()
 9 SYSTEMPATH\Commands\Server\rewrite.php(47): require_once('C:\\xampp\\htdocs\\sp-tala\\public\\index.php')
