CRITICAL - 2023-06-19 06:38:23 --> Undefined variable: tes
in APPPATH\Views\Peta\detil_peta.php on line 58.
 1 APPPATH\Views\Peta\detil_peta.php(58): CodeIgniter\Debug\Exceptions->errorHandler(8, 'Undefined variable: tes', 'C:\\xampp\\htdocs\\sp-tala\\app\\Views\\Peta\\detil_peta.php', 58, [...])
 2 SYSTEMPATH\View\View.php(213): include('C:\\xampp\\htdocs\\sp-tala\\app\\Views\\Peta\\detil_peta.php')
 3 SYSTEMPATH\View\View.php(216): CodeIgniter\View\View->CodeIgniter\View\{closure}()
 4 SYSTEMPATH\Common.php(1184): CodeIgniter\View\View->render('Peta/detil_peta', [], true)
 5 APPPATH\Controllers\Peta.php(47): view('Peta/detil_peta', [...])
 6 SYSTEMPATH\CodeIgniter.php(934): App\Controllers\Peta->show('491')
 7 SYSTEMPATH\CodeIgniter.php(499): CodeIgniter\CodeIgniter->runController(Object(App\Controllers\Peta))
 8 SYSTEMPATH\CodeIgniter.php(368): CodeIgniter\CodeIgniter->handleRequest(null, Object(Config\Cache), false)
 9 FCPATH\index.php(67): CodeIgniter\CodeIgniter->run()
10 SYSTEMPATH\Commands\Server\rewrite.php(47): require_once('C:\\xampp\\htdocs\\sp-tala\\public\\index.php')
CRITICAL - 2023-06-19 06:39:13 --> Undefined property: stdClass::$image
in APPPATH\Views\Peta\detil_peta.php on line 58.
 1 APPPATH\Views\Peta\detil_peta.php(58): CodeIgniter\Debug\Exceptions->errorHandler(8, 'Undefined property: stdClass::$image', 'C:\\xampp\\htdocs\\sp-tala\\app\\Views\\Peta\\detil_peta.php', 58, [...])
 2 SYSTEMPATH\View\View.php(213): include('C:\\xampp\\htdocs\\sp-tala\\app\\Views\\Peta\\detil_peta.php')
 3 SYSTEMPATH\View\View.php(216): CodeIgniter\View\View->CodeIgniter\View\{closure}()
 4 SYSTEMPATH\Common.php(1184): CodeIgniter\View\View->render('Peta/detil_peta', [], true)
 5 APPPATH\Controllers\Peta.php(47): view('Peta/detil_peta', [...])
 6 SYSTEMPATH\CodeIgniter.php(934): App\Controllers\Peta->show('491')
 7 SYSTEMPATH\CodeIgniter.php(499): CodeIgniter\CodeIgniter->runController(Object(App\Controllers\Peta))
 8 SYSTEMPATH\CodeIgniter.php(368): CodeIgniter\CodeIgniter->handleRequest(null, Object(Config\Cache), false)
 9 FCPATH\index.php(67): CodeIgniter\CodeIgniter->run()
10 SYSTEMPATH\Commands\Server\rewrite.php(47): require_once('C:\\xampp\\htdocs\\sp-tala\\public\\index.php')
CRITICAL - 2023-06-19 06:39:58 --> Trying to get property 'file_scan' of non-object
in APPPATH\Controllers\Peta.php on line 32.
 1 APPPATH\Controllers\Peta.php(32): CodeIgniter\Debug\Exceptions->errorHandler(8, 'Trying to get property \'file_scan\' of non-object', 'C:\\xampp\\htdocs\\sp-tala\\app\\Controllers\\Peta.php', 32, [...])
 2 SYSTEMPATH\CodeIgniter.php(934): App\Controllers\Peta->show('data tidak ditemukan')
 3 SYSTEMPATH\CodeIgniter.php(499): CodeIgniter\CodeIgniter->runController(Object(App\Controllers\Peta))
 4 SYSTEMPATH\CodeIgniter.php(368): CodeIgniter\CodeIgniter->handleRequest(null, Object(Config\Cache), false)
 5 FCPATH\index.php(67): CodeIgniter\CodeIgniter->run()
 6 SYSTEMPATH\Commands\Server\rewrite.php(47): require_once('C:\\xampp\\htdocs\\sp-tala\\public\\index.php')
CRITICAL - 2023-06-19 06:41:16 --> Trying to get property 'file_scan' of non-object
in APPPATH\Controllers\Peta.php on line 32.
 1 APPPATH\Controllers\Peta.php(32): CodeIgniter\Debug\Exceptions->errorHandler(8, 'Trying to get property \'file_scan\' of non-object', 'C:\\xampp\\htdocs\\sp-tala\\app\\Controllers\\Peta.php', 32, [...])
 2 SYSTEMPATH\CodeIgniter.php(934): App\Controllers\Peta->show('data tidak ditemukan')
 3 SYSTEMPATH\CodeIgniter.php(499): CodeIgniter\CodeIgniter->runController(Object(App\Controllers\Peta))
 4 SYSTEMPATH\CodeIgniter.php(368): CodeIgniter\CodeIgniter->handleRequest(null, Object(Config\Cache), false)
 5 FCPATH\index.php(67): CodeIgniter\CodeIgniter->run()
 6 SYSTEMPATH\Commands\Server\rewrite.php(47): require_once('C:\\xampp\\htdocs\\sp-tala\\public\\index.php')
CRITICAL - 2023-06-19 06:41:58 --> Trying to get property 'file_scan' of non-object
in APPPATH\Controllers\Peta.php on line 32.
 1 APPPATH\Controllers\Peta.php(32): CodeIgniter\Debug\Exceptions->errorHandler(8, 'Trying to get property \'file_scan\' of non-object', 'C:\\xampp\\htdocs\\sp-tala\\app\\Controllers\\Peta.php', 32, [...])
 2 SYSTEMPATH\CodeIgniter.php(934): App\Controllers\Peta->show('data tidak ditemukan')
 3 SYSTEMPATH\CodeIgniter.php(499): CodeIgniter\CodeIgniter->runController(Object(App\Controllers\Peta))
 4 SYSTEMPATH\CodeIgniter.php(368): CodeIgniter\CodeIgniter->handleRequest(null, Object(Config\Cache), false)
 5 FCPATH\index.php(67): CodeIgniter\CodeIgniter->run()
 6 SYSTEMPATH\Commands\Server\rewrite.php(47): require_once('C:\\xampp\\htdocs\\sp-tala\\public\\index.php')
CRITICAL - 2023-06-19 06:46:19 --> Undefined variable: image
in APPPATH\Views\Peta\detil_peta.php on line 58.
 1 APPPATH\Views\Peta\detil_peta.php(58): CodeIgniter\Debug\Exceptions->errorHandler(8, 'Undefined variable: image', 'C:\\xampp\\htdocs\\sp-tala\\app\\Views\\Peta\\detil_peta.php', 58, [...])
 2 SYSTEMPATH\View\View.php(213): include('C:\\xampp\\htdocs\\sp-tala\\app\\Views\\Peta\\detil_peta.php')
 3 SYSTEMPATH\View\View.php(216): CodeIgniter\View\View->CodeIgniter\View\{closure}()
 4 SYSTEMPATH\Common.php(1184): CodeIgniter\View\View->render('Peta/detil_peta', [], true)
 5 APPPATH\Controllers\Peta.php(49): view('Peta/detil_peta', [...])
 6 SYSTEMPATH\CodeIgniter.php(934): App\Controllers\Peta->show('493')
 7 SYSTEMPATH\CodeIgniter.php(499): CodeIgniter\CodeIgniter->runController(Object(App\Controllers\Peta))
 8 SYSTEMPATH\CodeIgniter.php(368): CodeIgniter\CodeIgniter->handleRequest(null, Object(Config\Cache), false)
 9 FCPATH\index.php(67): CodeIgniter\CodeIgniter->run()
10 SYSTEMPATH\Commands\Server\rewrite.php(47): require_once('C:\\xampp\\htdocs\\sp-tala\\public\\index.php')
